
> dev
> max dev

info  - [你知道吗？] PORT=9000 max dev 可以指定 Umi 开发服务器的端口。
info  - Umi v4.6.9
info  - Preparing...
info  - MFSU eager strategy enabled
info  - [MFSU][eager] restored cache
[HPM] Proxy created: /api  -> http://localhost:8000
event - [MFSU][eager] start build deps
info  - [MFSU] skip buildDeps
        ╔════════════════════════════════════════════════════╗
        ║ App listening at:                                  ║
        ║  >   Local: http://localhost:8002                  ║
ready - ║  > Network: http://192.168.1.15:8002               ║
        ║                                                    ║
        ║ Now you can open browser with the above addresses↑ ║
        ╚════════════════════════════════════════════════════╝
info  - [MFSU][eager] worker init, takes 422ms
event - [Webpack] Compiled in 1206 ms (421 modules)
wait  - [Webpack] Compiling...
event - [MFSU][eager] start build deps
info  - [MFSU] skip buildDeps
event - [Webpack] Compiled in 66 ms (407 modules)
wait  - [Webpack] Compiling...
event - [MFSU][eager] start build deps
info  - [MFSU] skip buildDeps
event - [Webpack] Compiled in 244 ms (407 modules)
wait  - [Webpack] Compiling...
event - [MFSU][eager] start build deps
info  - [MFSU] skip buildDeps
event - [Webpack] Compiled in 218 ms (407 modules)
wait  - [Webpack] Compiling...
event - [MFSU][eager] start build deps
info  - [MFSU] skip buildDeps
event - [Webpack] Compiled in 168 ms (407 modules)
nohup: PORT=8001: No such file or directory

> dev
> max dev

info  - [你知道吗？] COMPRESS=none max build 可以关闭项目构建时的代码压缩功能, 方便调试项目的构建产物。
info  - Umi v4.6.9
info  - Preparing...
info  - MFSU eager strategy enabled
info  - [MFSU][eager] restored cache
[HPM] Proxy created: /api  -> http://localhost:8000
event - [MFSU][eager] start build deps
info  - [MFSU] skip buildDeps
        ╔════════════════════════════════════════════════════╗
        ║ App listening at:                                  ║
        ║  >   Local: http://localhost:8001                  ║
ready - ║  > Network: http://192.168.1.15:8001               ║
        ║                                                    ║
        ║ Now you can open browser with the above addresses↑ ║
        ╚════════════════════════════════════════════════════╝
info  - [MFSU][eager] worker init, takes 297ms
event - [Webpack] Compiled in 1534 ms (421 modules)
wait  - [Webpack] Compiling...
event - [MFSU][eager] start build deps
info  - [MFSU] skip buildDeps
event - [Webpack] Compiled in 42 ms (407 modules)
wait  - [Webpack] Compiling...
event - [MFSU][eager] start build deps
info  - [MFSU] skip buildDeps
event - [Webpack] Compiled in 215 ms (407 modules)
wait  - [Webpack] Compiling...
event - [MFSU][eager] start build deps
info  - [MFSU] skip buildDeps
event - [Webpack] Compiled in 142 ms (407 modules)
wait  - [Webpack] Compiling...
event - [MFSU][eager] start build deps
info  - [MFSU] skip buildDeps
event - [Webpack] Compiled in 146 ms (407 modules)
wait  - [Webpack] Compiling...
event - [MFSU][eager] start build deps
info  - [MFSU] skip buildDeps
event - [Webpack] Compiled in 154 ms (407 modules)
wait  - [Webpack] Compiling...
event - [MFSU][eager] start build deps
info  - [MFSU] skip buildDeps
event - [Webpack] Compiled in 158 ms (407 modules)
wait  - [Webpack] Compiling...
event - [MFSU][eager] start build deps
info  - [MFSU] skip buildDeps
event - [Webpack] Compiled in 146 ms (407 modules)
wait  - [Webpack] Compiling...
event - [MFSU][eager] start build deps
info  - [MFSU] skip buildDeps
event - [Webpack] Compiled in 151 ms (407 modules)
wait  - [Webpack] Compiling...
event - [MFSU][eager] start build deps
info  - [MFSU] skip buildDeps
event - [Webpack] Compiled in 138 ms (407 modules)
wait  - [Webpack] Compiling...
event - [MFSU][eager] start build deps
info  - [MFSU] skip buildDeps
event - [Webpack] Compiled in 149 ms (407 modules)
wait  - [Webpack] Compiling...
event - [MFSU][eager] start build deps
info  - [MFSU] skip buildDeps
event - [Webpack] Compiled in 142 ms (407 modules)
wait  - [Webpack] Compiling...
event - [MFSU][eager] start build deps
info  - [MFSU] skip buildDeps
event - [Webpack] Compiled in 153 ms (407 modules)
wait  - [Webpack] Compiling...
event - [MFSU][eager] start build deps
info  - [MFSU] skip buildDeps
event - [Webpack] Compiled in 129 ms (407 modules)
wait  - [Webpack] Compiling...
event - [MFSU][eager] start build deps
info  - [MFSU] skip buildDeps
event - [Webpack] Compiled in 151 ms (407 modules)
wait  - [Webpack] Compiling...
event - [MFSU][eager] start build deps
info  - [MFSU] skip buildDeps
event - [Webpack] Compiled in 113 ms (407 modules)
wait  - [Webpack] Compiling...
event - [MFSU][eager] start build deps
info  - [MFSU] skip buildDeps
event - [Webpack] Compiled in 117 ms (407 modules)
